{
  "stats": {
    "suites": 21,
    "tests": 57,
    "passes": 56,
    "pending": 1,
    "failures": 0,
    "start": "2021-10-11T12:43:26.804Z",
    "end": "2021-10-11T12:46:32.593Z",
    "duration": 74444,
    "testsRegistered": 57,
    "passPercent": 98.24561403508773,
    "pendingPercent": 1.7543859649122806,
    "other": 0,
    "hasOther": false,
    "skipped": 0,
    "hasSkipped": false
  },
  "results": [
    {
      "uuid": "65aa4c9a-d30b-49e0-8d9c-196d2e997017",
      "title": "",
      "fullFile": "cypress\\integration\\automation-test-store\\alias-invoke.js",
      "file": "cypress\\integration\\automation-test-store\\alias-invoke.js",
      "beforeHooks": [],
      "afterHooks": [],
      "tests": [],
      "suites": [
        {
          "uuid": "8703953a-94a9-459b-a8fd-d6da407429dd",
          "title": "Alias and invoke",
          "fullFile": "",
          "file": "",
          "beforeHooks": [],
          "afterHooks": [],
          "tests": [
            {
              "title": "should validate a specific hair care product",
              "fullTitle": "Alias and invoke should validate a specific hair care product",
              "timedOut": null,
              "duration": 2274,
              "state": "passed",
              "speed": "slow",
              "pass": true,
              "fail": false,
              "pending": false,
              "context": null,
              "code": "cy.visit('https://automationteststore.com/');\ncy.get(\"a[href*='product/category&path=']\").contains('Hair Care').click();\ncy.get('.fixed_wrapper .prdocutname').eq(0).invoke('text').as('productThumbnail');\ncy.get('@productThumbnail').its('length').should('be.greaterThan', 5);\ncy.get('@productThumbnail').should('include', 'Seaweed Conditioner');",
              "err": {},
              "uuid": "bbfb0b56-6963-4289-8764-c4cfe34f8944",
              "parentUUID": "8703953a-94a9-459b-a8fd-d6da407429dd",
              "isHook": false,
              "skipped": false
            },
            {
              "title": "should validate product thumbnail",
              "fullTitle": "Alias and invoke should validate product thumbnail",
              "timedOut": null,
              "duration": 804,
              "state": "passed",
              "speed": "slow",
              "pass": true,
              "fail": false,
              "pending": false,
              "context": null,
              "code": "cy.visit('https://automationteststore.com/');\ncy.get('.thumbnail').as('productThumbnail');\ncy.get('@productThumbnail').should('have.length', 16);\ncy.get('@productThumbnail').find('.productcart').invoke('attr', 'title').should('include', 'Add to Cart');",
              "err": {},
              "uuid": "dbfdac07-d4d6-490d-a3d1-0a4b796dd829",
              "parentUUID": "8703953a-94a9-459b-a8fd-d6da407429dd",
              "isHook": false,
              "skipped": false
            },
            {
              "title": "should calculate total of normal and sale products",
              "fullTitle": "Alias and invoke should calculate total of normal and sale products",
              "timedOut": null,
              "duration": 901,
              "state": "passed",
              "speed": "slow",
              "pass": true,
              "fail": false,
              "pending": false,
              "context": null,
              "code": "cy.visit('https://automationteststore.com/');\ncy.get('.thumbnail').as('productThumbnail'); // cy.get('@productThumbnail').find('.oneprice').each(($el, index, $list) => {\n//     cy.log($el.text());\n// });\ncy.get('.thumbnail').find('.oneprice').invoke('text').as('itemPrice');\ncy.get('.thumbnail').find('.pricenew').invoke('text').as('saleItemPrice');\nvar itemsTotal = 0; // Non sale price total\ncy.get('@itemPrice').then(function ($linkText) {\n  var itemPriceTotal = 0;\n  var itemPrice = $linkText.split('$');\n  for (var i = 0; i < itemPrice.length; i++) {\n    itemPriceTotal += Number(itemPrice[i]);\n  }\n  itemsTotal += itemPriceTotal;\n  cy.log('Non sale price items total: ' + itemPriceTotal);\n}); // Sale price total\ncy.get('@saleItemPrice').then(function ($linkText) {\n  var saleItemPriceTotal = 0;\n  var saleItemPrice = $linkText.split('$');\n  for (var i = 0; i < saleItemPrice.length; i++) {\n    saleItemPriceTotal += Number(saleItemPrice[i]);\n  }\n  itemsTotal += saleItemPriceTotal;\n  cy.log('Sale price items total: ' + saleItemPriceTotal);\n}).then(function () {\n  cy.log(\"The total price of all products: \".concat(itemsTotal));\n  expect(itemsTotal).to.equal(654.1);\n});",
              "err": {},
              "uuid": "093e66d8-4d5e-4e0f-be30-e0c20cc80f32",
              "parentUUID": "8703953a-94a9-459b-a8fd-d6da407429dd",
              "isHook": false,
              "skipped": false
            }
          ],
          "suites": [],
          "passes": [
            "bbfb0b56-6963-4289-8764-c4cfe34f8944",
            "dbfdac07-d4d6-490d-a3d1-0a4b796dd829",
            "093e66d8-4d5e-4e0f-be30-e0c20cc80f32"
          ],
          "failures": [],
          "pending": [],
          "skipped": [],
          "duration": 3979,
          "root": false,
          "rootEmpty": false,
          "_timeout": 2000
        }
      ],
      "passes": [],
      "failures": [],
      "pending": [],
      "skipped": [],
      "duration": 0,
      "root": true,
      "rootEmpty": true,
      "_timeout": 2000
    },
    {
      "uuid": "7266ba6c-7cb4-47f6-80d2-0dc9ef060cbb",
      "title": "",
      "fullFile": "cypress\\integration\\automation-test-store\\contact-us.js",
      "file": "cypress\\integration\\automation-test-store\\contact-us.js",
      "beforeHooks": [],
      "afterHooks": [],
      "tests": [],
      "suites": [
        {
          "uuid": "5716e039-cb09-4b03-9a6e-5ef4697e36b3",
          "title": "Test Contact Us form via Automation Test Store",
          "fullFile": "",
          "file": "",
          "beforeHooks": [],
          "afterHooks": [],
          "tests": [
            {
              "title": "Should be able to submit a successful submissionvia contact us form",
              "fullTitle": "Test Contact Us form via Automation Test Store Should be able to submit a successful submissionvia contact us form",
              "timedOut": null,
              "duration": 4990,
              "state": "passed",
              "speed": "slow",
              "pass": true,
              "fail": false,
              "pending": false,
              "context": null,
              "code": "cy.visit('https://automationteststore.com/');\ncy.get(\"a[href$='contact']\").click().then(function (itemText) {\n  cy.log(\"Button text is: \".concat(itemText.text()));\n}); //cy.get('.info_links_footer > :nth-child(5) > a').click();\n// cy.xpath(\"//a[contains(@href, 'contact')]\").click();\ncy.get('@user').then(function (user) {\n  cy.get('#ContactUsFrm_first_name').type(user.first_name);\n  cy.get('#ContactUsFrm_email').type(user.email);\n});\ncy.get('#ContactUsFrm_email').should('have.attr', 'name', 'email');\ncy.get('#ContactUsFrm_enquiry').type('Do you have any discouts on a Calvin Klein perfume?');\ncy.get(\"button[title='Submit']\").click();\ncy.get('.mb40 > :nth-child(3)').should('be.visible', 'Your enquiry has been successfully sent to the store owner!');\ncy.get('.mb40 > :nth-child(3)').should('have.text', 'Your enquiry has been successfully sent to the store owner!');",
              "err": {},
              "uuid": "c02d9176-7540-4c7a-9d82-5dd3fc1d8c54",
              "parentUUID": "5716e039-cb09-4b03-9a6e-5ef4697e36b3",
              "isHook": false,
              "skipped": false
            }
          ],
          "suites": [],
          "passes": [
            "c02d9176-7540-4c7a-9d82-5dd3fc1d8c54"
          ],
          "failures": [],
          "pending": [],
          "skipped": [],
          "duration": 4990,
          "root": false,
          "rootEmpty": false,
          "_timeout": 2000
        }
      ],
      "passes": [],
      "failures": [],
      "pending": [],
      "skipped": [],
      "duration": 0,
      "root": true,
      "rootEmpty": true,
      "_timeout": 2000
    },
    {
      "uuid": "6f35867c-5385-4087-90bf-7882d2e71f5b",
      "title": "",
      "fullFile": "cypress\\integration\\automation-test-store\\inspect-item.js",
      "file": "cypress\\integration\\automation-test-store\\inspect-item.js",
      "beforeHooks": [],
      "afterHooks": [],
      "tests": [],
      "suites": [
        {
          "uuid": "815d886b-ce69-4156-b014-a5075ac80251",
          "title": "Inspect Automation Test Store items using chain of commands",
          "fullFile": "",
          "file": "",
          "beforeHooks": [],
          "afterHooks": [],
          "tests": [
            {
              "title": "Click on the first item using item header",
              "fullTitle": "Inspect Automation Test Store items using chain of commands Click on the first item using item header",
              "timedOut": null,
              "duration": 2164,
              "state": "passed",
              "speed": "slow",
              "pass": true,
              "fail": false,
              "pending": false,
              "context": null,
              "code": "cy.visit('https://automationteststore.com/');\ncy.get('#block_frame_featured_1769 > .thumbnails > :nth-child(1) > .fixed_wrapper > .fixed > .prdocutname').click();",
              "err": {},
              "uuid": "c00ac422-dcf0-463b-9e38-01abf1a89ccb",
              "parentUUID": "815d886b-ce69-4156-b014-a5075ac80251",
              "isHook": false,
              "skipped": false
            },
            {
              "title": "Click on the first item using item text",
              "fullTitle": "Inspect Automation Test Store items using chain of commands Click on the first item using item text",
              "timedOut": null,
              "duration": 1006,
              "state": "passed",
              "speed": "slow",
              "pass": true,
              "fail": false,
              "pending": false,
              "context": null,
              "code": "cy.visit('https://automationteststore.com/');\ncy.get('.prdocutname').contains('Skinsheen Bronzer Stick').click().then(function (itemHeaderText) {\n  console.log('Selected the following item: ' + itemHeaderText.text());\n});",
              "err": {},
              "uuid": "8c301f93-f758-481d-8154-e6da67aacbe0",
              "parentUUID": "815d886b-ce69-4156-b014-a5075ac80251",
              "isHook": false,
              "skipped": false
            },
            {
              "title": "Click on the first item using index",
              "fullTitle": "Inspect Automation Test Store items using chain of commands Click on the first item using index",
              "timedOut": null,
              "duration": 1312,
              "state": "passed",
              "speed": "slow",
              "pass": true,
              "fail": false,
              "pending": false,
              "context": null,
              "code": "cy.visit('https://automationteststore.com/');\ncy.get('.fixed_wrapper').find('.prdocutname').eq(0).click();",
              "err": {},
              "uuid": "eef0f55e-3b8a-45ea-b4c9-de2dcc577e7a",
              "parentUUID": "815d886b-ce69-4156-b014-a5075ac80251",
              "isHook": false,
              "skipped": false
            }
          ],
          "suites": [],
          "passes": [
            "c00ac422-dcf0-463b-9e38-01abf1a89ccb",
            "8c301f93-f758-481d-8154-e6da67aacbe0",
            "eef0f55e-3b8a-45ea-b4c9-de2dcc577e7a"
          ],
          "failures": [],
          "pending": [],
          "skipped": [],
          "duration": 4482,
          "root": false,
          "rootEmpty": false,
          "_timeout": 2000
        }
      ],
      "passes": [],
      "failures": [],
      "pending": [],
      "skipped": [],
      "duration": 0,
      "root": true,
      "rootEmpty": true,
      "_timeout": 2000
    },
    {
      "uuid": "146bf36d-a5ac-4358-8d83-3d6fff78b971",
      "title": "",
      "fullFile": "cypress\\integration\\automation-test-store\\iterate-over-elements.js",
      "file": "cypress\\integration\\automation-test-store\\iterate-over-elements.js",
      "beforeHooks": [],
      "afterHooks": [],
      "tests": [],
      "suites": [
        {
          "uuid": "93757dcb-57fc-4fe8-b584-631cd2042e96",
          "title": "Iterate over elements",
          "fullFile": "",
          "file": "",
          "beforeHooks": [],
          "afterHooks": [],
          "tests": [
            {
              "title": "Log information of all hair care products",
              "fullTitle": "Iterate over elements Log information of all hair care products",
              "timedOut": null,
              "duration": 2129,
              "state": "passed",
              "speed": "slow",
              "pass": true,
              "fail": false,
              "pending": false,
              "context": null,
              "code": "cy.get('.fixed_wrapper .prdocutname').each(function ($el, index, $list) {\n  cy.log('Index: ' + index + ' : ' + $el.text());\n});",
              "err": {},
              "uuid": "2435deab-9788-4bcf-9074-f77353490381",
              "parentUUID": "93757dcb-57fc-4fe8-b584-631cd2042e96",
              "isHook": false,
              "skipped": false
            },
            {
              "title": "Add specific product to basket",
              "fullTitle": "Iterate over elements Add specific product to basket",
              "timedOut": null,
              "duration": 1445,
              "state": "passed",
              "speed": "slow",
              "pass": true,
              "fail": false,
              "pending": false,
              "context": null,
              "code": "// cy.get('.fixed_wrapper .prdocutname').each(($el, index, $list) => {\n//     if ($el.text().includes('Curls to straight Shampoo')) {\n//         cy.wrap($el).click()\n//     }\n// })       // zakomentowany kod to metoda poniżej, która została stworzona w folderze support - plik commands.js\ncy.selectProduct('Curls to straight Shampoo');",
              "err": {},
              "uuid": "711e2b73-061b-4615-b2d1-02c522d108f4",
              "parentUUID": "93757dcb-57fc-4fe8-b584-631cd2042e96",
              "isHook": false,
              "skipped": false
            },
            {
              "title": "Add another specific product to basket",
              "fullTitle": "Iterate over elements Add another specific product to basket",
              "timedOut": null,
              "duration": 1804,
              "state": "passed",
              "speed": "slow",
              "pass": true,
              "fail": false,
              "pending": false,
              "context": null,
              "code": "cy.selectProduct('Seaweed Conditioner');",
              "err": {},
              "uuid": "1485e210-3f79-438e-8a63-ea78ab565eb0",
              "parentUUID": "93757dcb-57fc-4fe8-b584-631cd2042e96",
              "isHook": false,
              "skipped": false
            },
            {
              "title": "Add second product to basket",
              "fullTitle": "Iterate over elements Add second product to basket",
              "timedOut": null,
              "duration": 2235,
              "state": "passed",
              "speed": "slow",
              "pass": true,
              "fail": false,
              "pending": false,
              "context": null,
              "code": "cy.selectProduct('Eau Parfumee au The Vert Shampoo');",
              "err": {},
              "uuid": "8a38162e-deaa-4adb-a2f7-5a9201ef6241",
              "parentUUID": "93757dcb-57fc-4fe8-b584-631cd2042e96",
              "isHook": false,
              "skipped": false
            }
          ],
          "suites": [],
          "passes": [
            "2435deab-9788-4bcf-9074-f77353490381",
            "711e2b73-061b-4615-b2d1-02c522d108f4",
            "1485e210-3f79-438e-8a63-ea78ab565eb0",
            "8a38162e-deaa-4adb-a2f7-5a9201ef6241"
          ],
          "failures": [],
          "pending": [],
          "skipped": [],
          "duration": 7613,
          "root": false,
          "rootEmpty": false,
          "_timeout": 2000
        }
      ],
      "passes": [],
      "failures": [],
      "pending": [],
      "skipped": [],
      "duration": 0,
      "root": true,
      "rootEmpty": true,
      "_timeout": 2000
    },
    {
      "uuid": "55427ed7-ddff-40b0-92e7-21a407e2f445",
      "title": "",
      "fullFile": "cypress\\integration\\automation-test-store\\variables-and-cy-commands.js",
      "file": "cypress\\integration\\automation-test-store\\variables-and-cy-commands.js",
      "beforeHooks": [],
      "afterHooks": [],
      "tests": [],
      "suites": [
        {
          "uuid": "4f129757-f50b-40c9-839a-cd3a88b4e82b",
          "title": "Verifying variables, cypress commands and jquery commands",
          "fullFile": "",
          "file": "",
          "beforeHooks": [],
          "afterHooks": [],
          "tests": [
            {
              "title": "Validate properties of the Contact Us page",
              "fullTitle": "Verifying variables, cypress commands and jquery commands Validate properties of the Contact Us page",
              "timedOut": null,
              "duration": 1457,
              "state": "passed",
              "speed": "slow",
              "pass": true,
              "fail": false,
              "pending": false,
              "context": null,
              "code": "cy.visit('https://automationteststore.com/index.php?rt=content/contact'); // Uses Cypress commands and chaining\ncy.contains('#ContactUsFrm', 'Contact Us Form').find('#field_11').should('contain', 'First name'); // JQuery approach\ncy.contains('#ContactUsFrm', 'Contact Us Form').then(function (text) {\n  var firstNameText = text.find('#field_11').text();\n  expect(firstNameText).to.contain('First name'); // Embedded commands (Closure)\n  cy.get('#field_11').then(function (fnText) {\n    cy.log(fnText.text());\n    cy.log(fnText);\n  });\n});",
              "err": {},
              "uuid": "1a0c03e5-2178-45a9-bed7-34c6c8f9faaa",
              "parentUUID": "4f129757-f50b-40c9-839a-cd3a88b4e82b",
              "isHook": false,
              "skipped": false
            }
          ],
          "suites": [],
          "passes": [
            "1a0c03e5-2178-45a9-bed7-34c6c8f9faaa"
          ],
          "failures": [],
          "pending": [],
          "skipped": [],
          "duration": 1457,
          "root": false,
          "rootEmpty": false,
          "_timeout": 2000
        }
      ],
      "passes": [],
      "failures": [],
      "pending": [],
      "skipped": [],
      "duration": 0,
      "root": true,
      "rootEmpty": true,
      "_timeout": 2000
    },
    {
      "uuid": "006c2848-3aaf-4401-b6f6-4727e207024c",
      "title": "",
      "fullFile": "cypress\\integration\\other\\hooks.js",
      "file": "cypress\\integration\\other\\hooks.js",
      "beforeHooks": [],
      "afterHooks": [],
      "tests": [],
      "suites": [
        {
          "uuid": "37db029a-f0be-41ed-aecd-afae19257291",
          "title": "Hooks",
          "fullFile": "",
          "file": "",
          "beforeHooks": [],
          "afterHooks": [],
          "tests": [
            {
              "title": "Example test 1",
              "fullTitle": "Hooks Example test 1",
              "timedOut": null,
              "duration": 74,
              "state": "passed",
              "speed": "medium",
              "pass": true,
              "fail": false,
              "pending": false,
              "context": null,
              "code": "cy.log('Example test 1');",
              "err": {},
              "uuid": "bbd20040-b930-4aba-b5e3-dbaa1ff92da0",
              "parentUUID": "37db029a-f0be-41ed-aecd-afae19257291",
              "isHook": false,
              "skipped": false
            },
            {
              "title": "Example test 2",
              "fullTitle": "Hooks Example test 2",
              "timedOut": null,
              "duration": 17,
              "state": "passed",
              "speed": "fast",
              "pass": true,
              "fail": false,
              "pending": false,
              "context": null,
              "code": "cy.log('Example test 2');",
              "err": {},
              "uuid": "100c1003-98e6-41e9-8ed9-c986e2faff8f",
              "parentUUID": "37db029a-f0be-41ed-aecd-afae19257291",
              "isHook": false,
              "skipped": false
            }
          ],
          "suites": [],
          "passes": [
            "bbd20040-b930-4aba-b5e3-dbaa1ff92da0",
            "100c1003-98e6-41e9-8ed9-c986e2faff8f"
          ],
          "failures": [],
          "pending": [],
          "skipped": [],
          "duration": 91,
          "root": false,
          "rootEmpty": false,
          "_timeout": 2000
        }
      ],
      "passes": [],
      "failures": [],
      "pending": [],
      "skipped": [],
      "duration": 0,
      "root": true,
      "rootEmpty": true,
      "_timeout": 2000
    },
    {
      "uuid": "6f09fbbb-d3a6-4188-9dcd-8a4d9b6eb372",
      "title": "",
      "fullFile": "cypress\\integration\\other\\same-origin-policy.js",
      "file": "cypress\\integration\\other\\same-origin-policy.js",
      "beforeHooks": [],
      "afterHooks": [],
      "tests": [],
      "suites": [
        {
          "uuid": "ef0b9d90-c20a-4a69-a2db-11582e26fffa",
          "title": "Cypress web security",
          "fullFile": "",
          "file": "",
          "beforeHooks": [],
          "afterHooks": [],
          "tests": [
            {
              "title": "should validate visiting two different domains",
              "fullTitle": "Cypress web security should validate visiting two different domains",
              "timedOut": null,
              "duration": 0,
              "state": "pending",
              "speed": null,
              "pass": false,
              "fail": false,
              "pending": true,
              "context": null,
              "code": "",
              "err": {},
              "uuid": "798e3892-ef0a-42ab-8995-c640b37dd3cd",
              "parentUUID": "ef0b9d90-c20a-4a69-a2db-11582e26fffa",
              "isHook": false,
              "skipped": false
            },
            {
              "title": "should validate visiting two different domains via user actions",
              "fullTitle": "Cypress web security should validate visiting two different domains via user actions",
              "timedOut": null,
              "duration": 3081,
              "state": "passed",
              "speed": "slow",
              "pass": true,
              "fail": false,
              "pending": false,
              "context": null,
              "code": "// this approach works using the \"chromeWebSecurity\": false in the cypress.json\ncy.visit('https://webdriveruniversity.com/');\ncy.get('#automation-test-store').invoke('removeAttr', 'target').click();",
              "err": {},
              "uuid": "d72b00b8-fcec-49a9-a628-87250f9bfa3e",
              "parentUUID": "ef0b9d90-c20a-4a69-a2db-11582e26fffa",
              "isHook": false,
              "skipped": false
            }
          ],
          "suites": [],
          "passes": [
            "d72b00b8-fcec-49a9-a628-87250f9bfa3e"
          ],
          "failures": [],
          "pending": [
            "798e3892-ef0a-42ab-8995-c640b37dd3cd"
          ],
          "skipped": [],
          "duration": 3081,
          "root": false,
          "rootEmpty": false,
          "_timeout": 2000
        }
      ],
      "passes": [],
      "failures": [],
      "pending": [],
      "skipped": [],
      "duration": 0,
      "root": true,
      "rootEmpty": true,
      "_timeout": 2000
    },
    {
      "uuid": "0a66ee7b-255e-4571-b6ad-1ca0db44f2e4",
      "title": "",
      "fullFile": "cypress\\integration\\webdriver-uni\\autocomplete-dropdown-list.js",
      "file": "cypress\\integration\\webdriver-uni\\autocomplete-dropdown-list.js",
      "beforeHooks": [],
      "afterHooks": [],
      "tests": [],
      "suites": [
        {
          "uuid": "7a4fd55a-b289-45ee-8dc8-78d497156cad",
          "title": "Verify autocomplete dropdown lists via webdriveruni",
          "fullFile": "",
          "file": "",
          "beforeHooks": [],
          "afterHooks": [],
          "tests": [
            {
              "title": "should select specific product via autocomplete list",
              "fullTitle": "Verify autocomplete dropdown lists via webdriveruni should select specific product via autocomplete list",
              "timedOut": null,
              "duration": 1995,
              "state": "passed",
              "speed": "slow",
              "pass": true,
              "fail": false,
              "pending": false,
              "context": null,
              "code": "cy.visit('http://www.webdriveruniversity.com');\ncy.get('#autocomplete-textfield').invoke('removeAttr', 'target').click({\n  force: true\n}); // workaround to do not open a new tab\ncy.get('#myInput').type('A');\ncy.get('#myInputautocomplete-list > *').each(function ($el, index, $list) {\n  var prod = $el.text();\n  var productToSelect = 'Avacado';\n  if (prod === productToSelect) {\n    $el.click();\n    cy.get('#submit-button').click();\n    cy.url().should('include', productToSelect);\n  }\n}).then(function () {\n  cy.get('#myInput').type('G');\n  cy.get('#myInputautocomplete-list > *').each(function ($el, index, $list) {\n    var prod = $el.text();\n    var productToSelect = 'Grapes';\n    if (prod === productToSelect) {\n      $el.click();\n      cy.get('#submit-button').click();\n      cy.url().should('include', productToSelect);\n    }\n  });\n});",
              "err": {},
              "uuid": "f503b9f9-30fe-4ab0-b5bf-1040a3810fbd",
              "parentUUID": "7a4fd55a-b289-45ee-8dc8-78d497156cad",
              "isHook": false,
              "skipped": false
            }
          ],
          "suites": [],
          "passes": [
            "f503b9f9-30fe-4ab0-b5bf-1040a3810fbd"
          ],
          "failures": [],
          "pending": [],
          "skipped": [],
          "duration": 1995,
          "root": false,
          "rootEmpty": false,
          "_timeout": 2000
        }
      ],
      "passes": [],
      "failures": [],
      "pending": [],
      "skipped": [],
      "duration": 0,
      "root": true,
      "rootEmpty": true,
      "_timeout": 2000
    },
    {
      "uuid": "d6c7142a-9b78-4cd9-9ef8-a5588f6ca9d3",
      "title": "",
      "fullFile": "cypress\\integration\\webdriver-uni\\browser-navigation.js",
      "file": "cypress\\integration\\webdriver-uni\\browser-navigation.js",
      "beforeHooks": [],
      "afterHooks": [],
      "tests": [],
      "suites": [
        {
          "uuid": "ccf12c44-1a92-42fb-9f64-a491e36dea23",
          "title": "Validate WebdriverUni homepage links",
          "fullFile": "",
          "file": "",
          "beforeHooks": [],
          "afterHooks": [],
          "tests": [
            {
              "title": "should confirm link redirects to the correct pages",
              "fullTitle": "Validate WebdriverUni homepage links should confirm link redirects to the correct pages",
              "timedOut": null,
              "duration": 5327,
              "state": "passed",
              "speed": "slow",
              "pass": true,
              "fail": false,
              "pending": false,
              "context": null,
              "code": "//cy.visit(\"http://www.webdriveruniversity.com/Contact-Us/contactus.html\");\ncy.visit('http://www.webdriveruniversity.com');\ncy.get('#contact-us').invoke('removeAttr', 'target').click({\n  force: true\n}); // workaround to do not open a new tab\ncy.url().should('include', 'contactus');\ncy.go('back');\ncy.reload();\ncy.url().should('include', 'http://www.webdriveruniversity.com'); //cy.reload() //reload without using cache\ncy.go('forward');\ncy.url().should('include', 'contactus');\ncy.go('back');\ncy.get('#login-portal').invoke('removeAttr', 'target').click({\n  force: true\n}); // workaround to do not open a new tab\ncy.url().should('include', 'Login-Portal');\ncy.go('back');\ncy.get('#to-do-list').invoke('removeAttr', 'target').click({\n  force: true\n}); // workaround to do not open a new tab\ncy.url().should('include', 'To-Do-List');\ncy.go('back');",
              "err": {},
              "uuid": "b951dd13-e64f-41a2-b08e-d067fe750a76",
              "parentUUID": "ccf12c44-1a92-42fb-9f64-a491e36dea23",
              "isHook": false,
              "skipped": false
            }
          ],
          "suites": [],
          "passes": [
            "b951dd13-e64f-41a2-b08e-d067fe750a76"
          ],
          "failures": [],
          "pending": [],
          "skipped": [],
          "duration": 5327,
          "root": false,
          "rootEmpty": false,
          "_timeout": 2000
        }
      ],
      "passes": [],
      "failures": [],
      "pending": [],
      "skipped": [],
      "duration": 0,
      "root": true,
      "rootEmpty": true,
      "_timeout": 2000
    },
    {
      "uuid": "6e868687-a658-47ea-a706-5bdfb487e757",
      "title": "",
      "fullFile": "cypress\\integration\\webdriver-uni\\checkboxes.js",
      "file": "cypress\\integration\\webdriver-uni\\checkboxes.js",
      "beforeHooks": [],
      "afterHooks": [],
      "tests": [],
      "suites": [
        {
          "uuid": "ef383fd7-ad92-462a-ad33-397ffddaef47",
          "title": "verify checkboxes via webdriveruni",
          "fullFile": "",
          "file": "",
          "beforeHooks": [],
          "afterHooks": [],
          "tests": [
            {
              "title": "should check and validate checkox",
              "fullTitle": "verify checkboxes via webdriveruni should check and validate checkox",
              "timedOut": null,
              "duration": 1228,
              "state": "passed",
              "speed": "slow",
              "pass": true,
              "fail": false,
              "pending": false,
              "context": null,
              "code": "//cy.get('#checkboxes > :nth-child(1) > input').check()\n//cy.get('#checkboxes > :nth-child(1) > input').check().should('be.checked')\ncy.get('#checkboxes > :nth-child(1) > input').as('option-1');\ncy.get('@option-1').check();\ncy.get('@option-1').check().should('be.checked');",
              "err": {},
              "uuid": "175de9f9-841c-48ba-b52d-bd963f27013c",
              "parentUUID": "ef383fd7-ad92-462a-ad33-397ffddaef47",
              "isHook": false,
              "skipped": false
            },
            {
              "title": "should uncheck and validate checkox",
              "fullTitle": "verify checkboxes via webdriveruni should uncheck and validate checkox",
              "timedOut": null,
              "duration": 620,
              "state": "passed",
              "speed": "slow",
              "pass": true,
              "fail": false,
              "pending": false,
              "context": null,
              "code": "cy.get('#checkboxes > :nth-child(5) > input').as('option-3');\ncy.get('@option-3').uncheck().should('not.be.checked');",
              "err": {},
              "uuid": "5f2566ff-08e4-4289-9614-e97504294c94",
              "parentUUID": "ef383fd7-ad92-462a-ad33-397ffddaef47",
              "isHook": false,
              "skipped": false
            },
            {
              "title": "should check multiple checkboxes",
              "fullTitle": "verify checkboxes via webdriveruni should check multiple checkboxes",
              "timedOut": null,
              "duration": 786,
              "state": "passed",
              "speed": "slow",
              "pass": true,
              "fail": false,
              "pending": false,
              "context": null,
              "code": "cy.get(\"input[type='checkbox']\").check([\"option-1\", \"option-2\", \"option-3\", \"option-4\"]).should('be.checked');",
              "err": {},
              "uuid": "3b276969-c742-430d-a9f4-9bbda0dc755c",
              "parentUUID": "ef383fd7-ad92-462a-ad33-397ffddaef47",
              "isHook": false,
              "skipped": false
            }
          ],
          "suites": [],
          "passes": [
            "175de9f9-841c-48ba-b52d-bd963f27013c",
            "5f2566ff-08e4-4289-9614-e97504294c94",
            "3b276969-c742-430d-a9f4-9bbda0dc755c"
          ],
          "failures": [],
          "pending": [],
          "skipped": [],
          "duration": 2634,
          "root": false,
          "rootEmpty": false,
          "_timeout": 2000
        }
      ],
      "passes": [],
      "failures": [],
      "pending": [],
      "skipped": [],
      "duration": 0,
      "root": true,
      "rootEmpty": true,
      "_timeout": 2000
    },
    {
      "uuid": "ef7118a4-6b7c-44fa-b4ff-85c9fdd312b0",
      "title": "",
      "fullFile": "cypress\\integration\\webdriver-uni\\contact-us.js",
      "file": "cypress\\integration\\webdriver-uni\\contact-us.js",
      "beforeHooks": [],
      "afterHooks": [],
      "tests": [],
      "suites": [
        {
          "uuid": "adbf24e0-e469-4739-97a8-3cdafab5cc90",
          "title": "Test Contact Us form via WebdriverUni",
          "fullFile": "",
          "file": "",
          "beforeHooks": [],
          "afterHooks": [],
          "tests": [
            {
              "title": "should be able to submit a successful submission via contact us form",
              "fullTitle": "Test Contact Us form via WebdriverUni should be able to submit a successful submission via contact us form",
              "timedOut": null,
              "duration": 5012,
              "state": "passed",
              "speed": "slow",
              "pass": true,
              "fail": false,
              "pending": false,
              "context": null,
              "code": "cy.document().should('have.property', 'charset').and('equal', 'UTF-8');\ncy.title().should('include', 'WebDriver | Contact Us');\ncy.url().should('include', 'contactus'); //cy.get('#contact-us').click({force: true})\n// NAJPROSTRZE PODEJŚCIE\n// cy.get('[name=\"first_name\"]').type(data.first_name);\n// cy.get('[name=\"last_name\"]').type(data.last_name);\n// cy.get('[name=\"email\"]').type(data.email)\n// cy.get('textarea.feedback-input').type(\"How are you doing?\")\n// cy.get('[type=\"submit\"]').click();\n// cy.get('#contact_reply > h1').should('have.text', 'Thank You for your Message!');\n// PODEJŚCIE Z ZADEKLAROWNIEM CUSTOMOWEJ METODY W commands.js\n// cy.webdriverUni_ContactForm_Submission(\n//     Cypress.env(\"first_name\"), \n//     data.last_name, \n//     data.email, \n//     \"How are you doing?\", \n//     '#contact_reply > h1', \n//     'Thank You for your Message!'\n// );\n// PODEJŚCIE Z PAGE OBJECT MODELS\ncontactUs_PO.contactFormSubmission('first_name', data.last_name, data.email, \"How are you doing?\", '#contact_reply > h1', 'Thank You for your Message!');",
              "err": {},
              "uuid": "47bfcf75-34a6-4f80-b012-6983e602621c",
              "parentUUID": "adbf24e0-e469-4739-97a8-3cdafab5cc90",
              "isHook": false,
              "skipped": false
            },
            {
              "title": "should not be able to submit a successful submission via contact us form as all fields are required",
              "fullTitle": "Test Contact Us form via WebdriverUni should not be able to submit a successful submission via contact us form as all fields are required",
              "timedOut": null,
              "duration": 1604,
              "state": "passed",
              "speed": "slow",
              "pass": true,
              "fail": false,
              "pending": false,
              "context": null,
              "code": "// NAJPROSTRZE PODEJŚCIE\n// cy.get('[name=\"first_name\"]').type(data.first_name);\n// cy.get('[name=\"last_name\"]').type(data.last_name);\n// cy.get('textarea.feedback-input').type(\"How are you doing?\")\n// cy.get('[type=\"submit\"]').click();\n// cy.get('body').contains('Error: all fields are required');\n// PODEJŚCIE Z ZADEKLAROWNIEM CUSTOMOWEJ METODY W commands.js\ncy.webdriverUni_ContactForm_Submission(data.first_name, data.last_name, \" \", \"How are you doing?\", 'body', 'Error: Invalid email address');",
              "err": {},
              "uuid": "1208aa7c-6390-4b61-b446-92bcfee4f017",
              "parentUUID": "adbf24e0-e469-4739-97a8-3cdafab5cc90",
              "isHook": false,
              "skipped": false
            }
          ],
          "suites": [],
          "passes": [
            "47bfcf75-34a6-4f80-b012-6983e602621c",
            "1208aa7c-6390-4b61-b446-92bcfee4f017"
          ],
          "failures": [],
          "pending": [],
          "skipped": [],
          "duration": 6616,
          "root": false,
          "rootEmpty": false,
          "_timeout": 2000
        }
      ],
      "passes": [],
      "failures": [],
      "pending": [],
      "skipped": [],
      "duration": 0,
      "root": true,
      "rootEmpty": true,
      "_timeout": 2000
    },
    {
      "uuid": "147cfda4-a6aa-4f54-8352-e9853da8337c",
      "title": "",
      "fullFile": "cypress\\integration\\webdriver-uni\\data-tables.js",
      "file": "cypress\\integration\\webdriver-uni\\data-tables.js",
      "beforeHooks": [],
      "afterHooks": [],
      "tests": [],
      "suites": [
        {
          "uuid": "25ff65c2-777b-4377-8ac8-5a3bfa97a36f",
          "title": "Handling data via webdriveruni",
          "fullFile": "",
          "file": "",
          "beforeHooks": [],
          "afterHooks": [],
          "tests": [
            {
              "title": "should calculate and assert the total age of all users",
              "fullTitle": "Handling data via webdriveruni should calculate and assert the total age of all users",
              "timedOut": null,
              "duration": 1740,
              "state": "passed",
              "speed": "slow",
              "pass": true,
              "fail": false,
              "pending": false,
              "context": null,
              "code": "var userDetails = []; // tworzenie tablicy\nvar totalAgeNumber = 0; // zmienna z sumą wieku\ncy.get('#thumbnail-1 td').each(function ($el, index, $list) {\n  userDetails[index] = $el.text(); // pobieranie tekst każdego elementu z selektora\n}).then(function () {\n  for (var i = 0; i < userDetails.length; i++) {\n    // sprawdzanie pętlą elementów z tablicy\n    if (Number(userDetails[i])) {\n      // jeśli element jest liczbą, aktualizowana jest zmienna totalAgeNumber\n      totalAgeNumber += Number(userDetails[i]);\n    } //cy.log(userDetails[i])\n  }\n  cy.log(\"Found total age: \" + totalAgeNumber);\n  expect(totalAgeNumber).to.eq(322);\n});",
              "err": {},
              "uuid": "6277c9d6-6ab8-42c6-9539-b86389b9464c",
              "parentUUID": "25ff65c2-777b-4377-8ac8-5a3bfa97a36f",
              "isHook": false,
              "skipped": false
            },
            {
              "title": "should calculate and assert the age of a given user based on last name",
              "fullTitle": "Handling data via webdriveruni should calculate and assert the age of a given user based on last name",
              "timedOut": null,
              "duration": 600,
              "state": "passed",
              "speed": "slow",
              "pass": true,
              "fail": false,
              "pending": false,
              "context": null,
              "code": "cy.get('#thumbnail-1 tr td:nth-child(2)').each(function ($el, index, $list) {\n  var text = $el.text();\n  if (text.includes('Woods')) {\n    cy.get('#thumbnail-1 tr td:nth-child(2)').eq(index).next().then(function (age) {\n      // next przeniesie do komórki obok (w prawo) w tabeli\n      var userAge = age.text();\n      expect(userAge).to.eq('80');\n    });\n  }\n});",
              "err": {},
              "uuid": "b93e95a2-c2bc-4dad-bbc2-961632068a6f",
              "parentUUID": "25ff65c2-777b-4377-8ac8-5a3bfa97a36f",
              "isHook": false,
              "skipped": false
            }
          ],
          "suites": [],
          "passes": [
            "6277c9d6-6ab8-42c6-9539-b86389b9464c",
            "b93e95a2-c2bc-4dad-bbc2-961632068a6f"
          ],
          "failures": [],
          "pending": [],
          "skipped": [],
          "duration": 2340,
          "root": false,
          "rootEmpty": false,
          "_timeout": 2000
        }
      ],
      "passes": [],
      "failures": [],
      "pending": [],
      "skipped": [],
      "duration": 0,
      "root": true,
      "rootEmpty": true,
      "_timeout": 2000
    },
    {
      "uuid": "5fd1fdef-0a8d-4768-be2f-258740338b94",
      "title": "",
      "fullFile": "cypress\\integration\\webdriver-uni\\datepicker.js",
      "file": "cypress\\integration\\webdriver-uni\\datepicker.js",
      "beforeHooks": [],
      "afterHooks": [],
      "tests": [],
      "suites": [
        {
          "uuid": "b7b61320-bd72-4f40-9084-6889e152fbee",
          "title": "Test Datepicker via webdriveruni",
          "fullFile": "",
          "file": "",
          "beforeHooks": [],
          "afterHooks": [],
          "tests": [
            {
              "title": "should select date from the datepicker",
              "fullTitle": "Test Datepicker via webdriveruni should select date from the datepicker",
              "timedOut": null,
              "duration": 1624,
              "state": "passed",
              "speed": "slow",
              "pass": true,
              "fail": false,
              "pending": false,
              "context": null,
              "code": "cy.visit('http://www.webdriveruniversity.com');\ncy.get('#datepicker').invoke('removeAttr', 'target').click({\n  force: true\n}); // workaround to do not open a new tab\ncy.get('#datepicker').click(); // let date = new Date();\n// date.setDate(date.getDate()) // get current date\n// cy.log(date.getDate())\n// let date1 = new Date();\n// date1.setDate(date1.getDate() + 5)\n// cy.log(date1.getDate())\nvar date = new Date();\ndate.setDate(date.getDate() + 30); // mozemy zmieniac dni do przodu lub do tyłu\nvar futureYear = date.getFullYear();\nvar futureMonth = date.toLocaleString(\"en-Us\", {\n  month: \"long\"\n});\nvar futureDay = date.getDate();\ncy.log(futureYear);\ncy.log(futureMonth);\ncy.log(futureDay);\nfunction selectMonthAndYear() {\n  cy.get('.datepicker-dropdown').find('.datepicker-switch').first().then(function (currentDate) {\n    if (!currentDate.text().includes(futureYear)) {\n      cy.get('.next').first().click();\n      selectMonthAndYear();\n    }\n  }).then(function () {\n    cy.get('.datepicker-dropdown').find('.datepicker-switch').first().then(function (currentDate) {\n      if (!currentDate.text().includes(futureMonth)) {\n        cy.get('.next').first().click();\n        selectMonthAndYear();\n      }\n    });\n  });\n}\nfunction selectFutureDay() {\n  cy.get('[class=\"day\"').contains(futureDay).click();\n}\nselectMonthAndYear();\nselectFutureDay();",
              "err": {},
              "uuid": "34979dce-290a-40d2-bbd2-2cc854bf1a2f",
              "parentUUID": "b7b61320-bd72-4f40-9084-6889e152fbee",
              "isHook": false,
              "skipped": false
            }
          ],
          "suites": [],
          "passes": [
            "34979dce-290a-40d2-bbd2-2cc854bf1a2f"
          ],
          "failures": [],
          "pending": [],
          "skipped": [],
          "duration": 1624,
          "root": false,
          "rootEmpty": false,
          "_timeout": 2000
        }
      ],
      "passes": [],
      "failures": [],
      "pending": [],
      "skipped": [],
      "duration": 0,
      "root": true,
      "rootEmpty": true,
      "_timeout": 2000
    },
    {
      "uuid": "8671f5e6-f772-4d92-8834-92b57db8a080",
      "title": "",
      "fullFile": "cypress\\integration\\webdriver-uni\\file-upload.js",
      "file": "cypress\\integration\\webdriver-uni\\file-upload.js",
      "beforeHooks": [],
      "afterHooks": [],
      "tests": [],
      "suites": [
        {
          "uuid": "397b9782-ffb9-4141-9b1b-89ff6d4b0d0e",
          "title": "Test File Upload for webdriveruni",
          "fullFile": "",
          "file": "",
          "beforeHooks": [],
          "afterHooks": [],
          "tests": [
            {
              "title": "should upload a file",
              "fullTitle": "Test File Upload for webdriveruni should upload a file",
              "timedOut": null,
              "duration": 1388,
              "state": "passed",
              "speed": "slow",
              "pass": true,
              "fail": false,
              "pending": false,
              "context": null,
              "code": "cy.visit('http://www.webdriveruniversity.com');\ncy.get('#file-upload').invoke('removeAttr', 'target').click({\n  force: true\n}); // workaround to do not open a new tab\ncy.fixture('laptop.png', 'base64').then(function (fileContent) {\n  cy.get('#myFile').attachFile({\n    fileContent: fileContent,\n    fileName: 'laptop.png',\n    mimeType: 'image/png'\n  }, {\n    uploadType: 'input'\n  });\n});\ncy.get('#submit-button').click();",
              "err": {},
              "uuid": "66faa75b-a40b-4ef2-ac77-34efcc1cb9d2",
              "parentUUID": "397b9782-ffb9-4141-9b1b-89ff6d4b0d0e",
              "isHook": false,
              "skipped": false
            },
            {
              "title": "should upload no file",
              "fullTitle": "Test File Upload for webdriveruni should upload no file",
              "timedOut": null,
              "duration": 953,
              "state": "passed",
              "speed": "slow",
              "pass": true,
              "fail": false,
              "pending": false,
              "context": null,
              "code": "cy.visit('http://www.webdriveruniversity.com');\ncy.get('#file-upload').invoke('removeAttr', 'target').click({\n  force: true\n}); // workaround to do not open a new tab\ncy.get('#submit-button').click();",
              "err": {},
              "uuid": "c02e73f4-5ed3-4384-8276-0fa6fdf4966c",
              "parentUUID": "397b9782-ffb9-4141-9b1b-89ff6d4b0d0e",
              "isHook": false,
              "skipped": false
            }
          ],
          "suites": [],
          "passes": [
            "66faa75b-a40b-4ef2-ac77-34efcc1cb9d2",
            "c02e73f4-5ed3-4384-8276-0fa6fdf4966c"
          ],
          "failures": [],
          "pending": [],
          "skipped": [],
          "duration": 2341,
          "root": false,
          "rootEmpty": false,
          "_timeout": 2000
        }
      ],
      "passes": [],
      "failures": [],
      "pending": [],
      "skipped": [],
      "duration": 0,
      "root": true,
      "rootEmpty": true,
      "_timeout": 2000
    },
    {
      "uuid": "448d1e18-f2e7-44b9-9407-6c47c76dc0a8",
      "title": "",
      "fullFile": "cypress\\integration\\webdriver-uni\\iframe.js",
      "file": "cypress\\integration\\webdriver-uni\\iframe.js",
      "beforeHooks": [],
      "afterHooks": [],
      "tests": [],
      "suites": [
        {
          "uuid": "dc6547f8-990b-4884-a249-add0387e3147",
          "title": "Handling iFrame & Modals",
          "fullFile": "",
          "file": "",
          "beforeHooks": [],
          "afterHooks": [],
          "tests": [
            {
              "title": "should handle webdriveruni iframe and modal",
              "fullTitle": "Handling iFrame & Modals should handle webdriveruni iframe and modal",
              "timedOut": null,
              "duration": 1784,
              "state": "passed",
              "speed": "slow",
              "pass": true,
              "fail": false,
              "pending": false,
              "context": null,
              "code": "cy.visit('http://www.webdriveruniversity.com');\ncy.get('#iframe').invoke('removeAttr', 'target').click({\n  force: true\n}); // workaround to do not open a new tab\n// ponieżej workaround na to, że iframe jest niewidoczny dla Cypressa. Należy pobrać body tego iframe'a i zroć wrap, \n//tak aby można było później odnieść się do selektorów i używać cypressowych metod (wrap to umożliwia)\ncy.get('#frame').then(function ($iframe) {\n  var body = $iframe.contents().find('body');\n  cy.wrap(body).as('iframe');\n});\ncy.get('@iframe').find('#button-find-out-more').click();\ncy.get('@iframe').find('#myModal').as('modal');\ncy.get('@modal').should(function ($expectedText) {\n  var text = $expectedText.text();\n  expect(text).to.include('Welcome to webdriveruniversity.com we sell a wide range of electrical goods');\n});\ncy.get('@modal').contains('Close').click();",
              "err": {},
              "uuid": "eb192f6b-bb74-4135-a39d-5bd9445c94cf",
              "parentUUID": "dc6547f8-990b-4884-a249-add0387e3147",
              "isHook": false,
              "skipped": false
            }
          ],
          "suites": [],
          "passes": [
            "eb192f6b-bb74-4135-a39d-5bd9445c94cf"
          ],
          "failures": [],
          "pending": [],
          "skipped": [],
          "duration": 1784,
          "root": false,
          "rootEmpty": false,
          "_timeout": 2000
        }
      ],
      "passes": [],
      "failures": [],
      "pending": [],
      "skipped": [],
      "duration": 0,
      "root": true,
      "rootEmpty": true,
      "_timeout": 2000
    },
    {
      "uuid": "fed7902a-fd24-48cd-b7e0-16deb49d059c",
      "title": "",
      "fullFile": "cypress\\integration\\webdriver-uni\\js-alerts.js",
      "file": "cypress\\integration\\webdriver-uni\\js-alerts.js",
      "beforeHooks": [],
      "afterHooks": [],
      "tests": [],
      "suites": [
        {
          "uuid": "daca2c53-5160-4820-8290-815f90b0f05e",
          "title": "Handle JavaScript alerts",
          "fullFile": "",
          "file": "",
          "beforeHooks": [],
          "afterHooks": [],
          "tests": [
            {
              "title": "should confirm JS alert contains the correct text",
              "fullTitle": "Handle JavaScript alerts should confirm JS alert contains the correct text",
              "timedOut": null,
              "duration": 1069,
              "state": "passed",
              "speed": "slow",
              "pass": true,
              "fail": false,
              "pending": false,
              "context": null,
              "code": "//cy.visit(\"http://www.webdriveruniversity.com/Contact-Us/contactus.html\");\ncy.visit('http://www.webdriveruniversity.com');\ncy.get('#popup-alerts').invoke('removeAttr', 'target').click({\n  force: true\n}); // workaround to do not open a new tab\ncy.get('#button1').click();\ncy.on('window:alert', function (str) {\n  expect(str).to.eq('I am an alert box!');\n});",
              "err": {},
              "uuid": "8c45e51f-6bec-42c0-b1e1-87d32dae7c3a",
              "parentUUID": "daca2c53-5160-4820-8290-815f90b0f05e",
              "isHook": false,
              "skipped": false
            },
            {
              "title": "should validate JS confirm alert box works correctly when clicking ok",
              "fullTitle": "Handle JavaScript alerts should validate JS confirm alert box works correctly when clicking ok",
              "timedOut": null,
              "duration": 622,
              "state": "passed",
              "speed": "slow",
              "pass": true,
              "fail": false,
              "pending": false,
              "context": null,
              "code": "//cy.visit(\"http://www.webdriveruniversity.com/Contact-Us/contactus.html\");\ncy.visit('http://www.webdriveruniversity.com');\ncy.get('#popup-alerts').invoke('removeAttr', 'target').click({\n  force: true\n}); // workaround to do not open a new tab\ncy.get('#button4').click();\ncy.on('window:confirm', function () {\n  return true;\n});\ncy.get('#confirm-alert-text').contains('You pressed OK!');",
              "err": {},
              "uuid": "89b477f2-f07f-4346-bc59-863980de5691",
              "parentUUID": "daca2c53-5160-4820-8290-815f90b0f05e",
              "isHook": false,
              "skipped": false
            },
            {
              "title": "should validate JS confirm alert box works correctly when clicking cancel",
              "fullTitle": "Handle JavaScript alerts should validate JS confirm alert box works correctly when clicking cancel",
              "timedOut": null,
              "duration": 690,
              "state": "passed",
              "speed": "slow",
              "pass": true,
              "fail": false,
              "pending": false,
              "context": null,
              "code": "//cy.visit(\"http://www.webdriveruniversity.com/Contact-Us/contactus.html\");\ncy.visit('http://www.webdriveruniversity.com');\ncy.get('#popup-alerts').invoke('removeAttr', 'target').click({\n  force: true\n}); // workaround to do not open a new tab\ncy.get('#button4').click();\ncy.on('window:confirm', function () {\n  return false;\n});\ncy.get('#confirm-alert-text').contains('You pressed Cancel!');",
              "err": {},
              "uuid": "8632b2e5-40c7-45ba-8fb0-bf3024d77d37",
              "parentUUID": "daca2c53-5160-4820-8290-815f90b0f05e",
              "isHook": false,
              "skipped": false
            },
            {
              "title": "should validate JS confirm alert box using a stub",
              "fullTitle": "Handle JavaScript alerts should validate JS confirm alert box using a stub",
              "timedOut": null,
              "duration": 590,
              "state": "passed",
              "speed": "slow",
              "pass": true,
              "fail": false,
              "pending": false,
              "context": null,
              "code": "//cy.visit(\"http://www.webdriveruniversity.com/Contact-Us/contactus.html\");\ncy.visit('http://www.webdriveruniversity.com');\ncy.get('#popup-alerts').invoke('removeAttr', 'target').click({\n  force: true\n}); // workaround to do not open a new tab\nvar stub = cy.stub(); // służy jako storage do eventu, w tym przypadku windows:confirm\ncy.on('window:confirm', stub);\ncy.get('#button4').click().then(function () {\n  expect(stub.getCall(0)).to.be.calledWith('Press a button!'); //getCall z indexem 0 pobiera wynik tego eventu. Zero, ponieważ tylko jeden event został wywołany\n}).then(function () {\n  return true; // promis upewniający sie, że zostanie kliknięty button OK na alercie\n}).then(function () {\n  cy.get('#confirm-alert-text').contains('You pressed OK!'); // promis sprawdzajacy tekst ze statusem\n});",
              "err": {},
              "uuid": "c69a58aa-d2e7-4ab5-839a-b99748556220",
              "parentUUID": "daca2c53-5160-4820-8290-815f90b0f05e",
              "isHook": false,
              "skipped": false
            }
          ],
          "suites": [],
          "passes": [
            "8c45e51f-6bec-42c0-b1e1-87d32dae7c3a",
            "89b477f2-f07f-4346-bc59-863980de5691",
            "8632b2e5-40c7-45ba-8fb0-bf3024d77d37",
            "c69a58aa-d2e7-4ab5-839a-b99748556220"
          ],
          "failures": [],
          "pending": [],
          "skipped": [],
          "duration": 2971,
          "root": false,
          "rootEmpty": false,
          "_timeout": 2000
        }
      ],
      "passes": [],
      "failures": [],
      "pending": [],
      "skipped": [],
      "duration": 0,
      "root": true,
      "rootEmpty": true,
      "_timeout": 2000
    },
    {
      "uuid": "474e7788-3f7d-4dbd-aca3-7c2a4a20494d",
      "title": "",
      "fullFile": "cypress\\integration\\webdriver-uni\\mouse-actions.js",
      "file": "cypress\\integration\\webdriver-uni\\mouse-actions.js",
      "beforeHooks": [],
      "afterHooks": [],
      "tests": [],
      "suites": [
        {
          "uuid": "70aebed5-22ce-4a4f-9a60-bcee85374d7d",
          "title": "Test mouse actions",
          "fullFile": "",
          "file": "",
          "beforeHooks": [],
          "afterHooks": [],
          "tests": [
            {
              "title": "should scroll element into view",
              "fullTitle": "Test mouse actions should scroll element into view",
              "timedOut": null,
              "duration": 1346,
              "state": "passed",
              "speed": "slow",
              "pass": true,
              "fail": false,
              "pending": false,
              "context": null,
              "code": "cy.visit('http://www.webdriveruniversity.com');\ncy.get('#actions').scrollIntoView().invoke('removeAttr', 'target').click({\n  force: true\n}); // workaround to do not open a new tab",
              "err": {},
              "uuid": "ef07c623-1fa2-4e1b-afc8-8a7096f9c3da",
              "parentUUID": "70aebed5-22ce-4a4f-9a60-bcee85374d7d",
              "isHook": false,
              "skipped": false
            },
            {
              "title": "should be able to drag and drop a draggable item",
              "fullTitle": "Test mouse actions should be able to drag and drop a draggable item",
              "timedOut": null,
              "duration": 608,
              "state": "passed",
              "speed": "slow",
              "pass": true,
              "fail": false,
              "pending": false,
              "context": null,
              "code": "cy.visit('http://www.webdriveruniversity.com');\ncy.get('#actions').scrollIntoView().invoke('removeAttr', 'target').click({\n  force: true\n}); // workaround to do not open a new tab\ncy.get('#draggable').trigger('mousedown', {\n  which: 1\n});\ncy.get('#droppable').trigger('mousemove').trigger('mouseup', {\n  force: true\n});",
              "err": {},
              "uuid": "f69c6cdc-0bde-4611-b8ea-5e29a94808c5",
              "parentUUID": "70aebed5-22ce-4a4f-9a60-bcee85374d7d",
              "isHook": false,
              "skipped": false
            },
            {
              "title": "should be able to perform a double mouse click",
              "fullTitle": "Test mouse actions should be able to perform a double mouse click",
              "timedOut": null,
              "duration": 602,
              "state": "passed",
              "speed": "slow",
              "pass": true,
              "fail": false,
              "pending": false,
              "context": null,
              "code": "cy.visit('http://www.webdriveruniversity.com');\ncy.get('#actions').scrollIntoView().invoke('removeAttr', 'target').click({\n  force: true\n}); // workaround to do not open a new tab\ncy.get('#double-click').dblclick().should('have.class', 'double');",
              "err": {},
              "uuid": "79249344-15e6-46c9-b20a-28de8848aebd",
              "parentUUID": "70aebed5-22ce-4a4f-9a60-bcee85374d7d",
              "isHook": false,
              "skipped": false
            },
            {
              "title": "should be able to hold down the left mouse click button on the given element",
              "fullTitle": "Test mouse actions should be able to hold down the left mouse click button on the given element",
              "timedOut": null,
              "duration": 532,
              "state": "passed",
              "speed": "slow",
              "pass": true,
              "fail": false,
              "pending": false,
              "context": null,
              "code": "cy.visit('http://www.webdriveruniversity.com');\ncy.get('#actions').scrollIntoView().invoke('removeAttr', 'target').click({\n  force: true\n}); // workaround to do not open a new tab\ncy.get('#click-box').trigger('mousedown', {\n  which: 1\n}).then(function ($element) {\n  cy.get($element).should('have.css', 'background-color', 'rgb(0, 255, 0)'); // or\n  expect($element).to.have.css('background-color', 'rgb(0, 255, 0)');\n});",
              "err": {},
              "uuid": "d5e13e72-ad4b-4c63-873e-9942d3349dcb",
              "parentUUID": "70aebed5-22ce-4a4f-9a60-bcee85374d7d",
              "isHook": false,
              "skipped": false
            }
          ],
          "suites": [],
          "passes": [
            "ef07c623-1fa2-4e1b-afc8-8a7096f9c3da",
            "f69c6cdc-0bde-4611-b8ea-5e29a94808c5",
            "79249344-15e6-46c9-b20a-28de8848aebd",
            "d5e13e72-ad4b-4c63-873e-9942d3349dcb"
          ],
          "failures": [],
          "pending": [],
          "skipped": [],
          "duration": 3088,
          "root": false,
          "rootEmpty": false,
          "_timeout": 2000
        }
      ],
      "passes": [],
      "failures": [],
      "pending": [],
      "skipped": [],
      "duration": 0,
      "root": true,
      "rootEmpty": true,
      "_timeout": 2000
    },
    {
      "uuid": "b42eef50-74b9-4a88-8349-aca09da6c0ed",
      "title": "",
      "fullFile": "cypress\\integration\\webdriver-uni\\radio-buttons.js",
      "file": "cypress\\integration\\webdriver-uni\\radio-buttons.js",
      "beforeHooks": [],
      "afterHooks": [],
      "tests": [],
      "suites": [
        {
          "uuid": "18643268-f5be-4b17-bed4-76ae820edc0c",
          "title": "Verify radio buttons via webdriveruni",
          "fullFile": "",
          "file": "",
          "beforeHooks": [],
          "afterHooks": [],
          "tests": [
            {
              "title": "should check specific radio buttons",
              "fullTitle": "Verify radio buttons via webdriveruni should check specific radio buttons",
              "timedOut": null,
              "duration": 2110,
              "state": "passed",
              "speed": "slow",
              "pass": true,
              "fail": false,
              "pending": false,
              "context": null,
              "code": "cy.get('#radio-buttons').find(\"[type='radio']\").first().check();\ncy.get('#radio-buttons').find(\"[type='radio']\").eq(1).check();",
              "err": {},
              "uuid": "56473857-2c98-4c3e-96f8-b759d9ccac7e",
              "parentUUID": "18643268-f5be-4b17-bed4-76ae820edc0c",
              "isHook": false,
              "skipped": false
            },
            {
              "title": "should validate the state of specific radio buttons",
              "fullTitle": "Verify radio buttons via webdriveruni should validate the state of specific radio buttons",
              "timedOut": null,
              "duration": 184,
              "state": "passed",
              "speed": "slow",
              "pass": true,
              "fail": false,
              "pending": false,
              "context": null,
              "code": "cy.get(\"[value='lettuce']\").should('not.be.checked');\ncy.get(\"[value='cabbage']\").should('be.disabled');\ncy.get(\"[value='pumpkin']\").should('be.checked');\ncy.get(\"[value='lettuce']\").check();\ncy.get(\"[value='lettuce']\").should('be.checked');\ncy.get(\"[value='pumpkin']\").should('not.be.checked');",
              "err": {},
              "uuid": "1222fd0f-9a88-4684-a1bc-1ceb92786b4d",
              "parentUUID": "18643268-f5be-4b17-bed4-76ae820edc0c",
              "isHook": false,
              "skipped": false
            }
          ],
          "suites": [],
          "passes": [
            "56473857-2c98-4c3e-96f8-b759d9ccac7e",
            "1222fd0f-9a88-4684-a1bc-1ceb92786b4d"
          ],
          "failures": [],
          "pending": [],
          "skipped": [],
          "duration": 2294,
          "root": false,
          "rootEmpty": false,
          "_timeout": 2000
        }
      ],
      "passes": [],
      "failures": [],
      "pending": [],
      "skipped": [],
      "duration": 0,
      "root": true,
      "rootEmpty": true,
      "_timeout": 2000
    },
    {
      "uuid": "eeba22b0-1056-436f-b221-4a300e56fcfb",
      "title": "",
      "fullFile": "cypress\\integration\\webdriver-uni\\select-dropdown-list.js",
      "file": "cypress\\integration\\webdriver-uni\\select-dropdown-list.js",
      "beforeHooks": [],
      "afterHooks": [],
      "tests": [],
      "suites": [
        {
          "uuid": "7e1161fb-132f-4612-b070-813022de50ce",
          "title": "Interact with dropdown lists via webdriveruni",
          "fullFile": "",
          "file": "",
          "beforeHooks": [],
          "afterHooks": [],
          "tests": [
            {
              "title": "should select specific values via select dropdown lists",
              "fullTitle": "Interact with dropdown lists via webdriveruni should select specific values via select dropdown lists",
              "timedOut": null,
              "duration": 1808,
              "state": "passed",
              "speed": "slow",
              "pass": true,
              "fail": false,
              "pending": false,
              "context": null,
              "code": "cy.visit('http://www.webdriveruniversity.com');\ncy.get('#dropdown-checkboxes-radiobuttons').invoke('removeAttr', 'target').click({\n  force: true\n}); // workaround to do not open a new tab\ncy.get('#dropdowm-menu-1').select('c#');\ncy.get('#dropdowm-menu-2').select('testng').should('have.value', 'testng');\ncy.get('#dropdowm-menu-3').select('jquery').contains('JQuery');\ncy.get('#dropdowm-menu-2').select('maven').should('have.value', 'maven');\ncy.get('#dropdowm-menu-2').select('testng').contains('TestNG');",
              "err": {},
              "uuid": "c6afd519-2aaa-4b7d-af63-9d66ed3c9f1f",
              "parentUUID": "7e1161fb-132f-4612-b070-813022de50ce",
              "isHook": false,
              "skipped": false
            }
          ],
          "suites": [],
          "passes": [
            "c6afd519-2aaa-4b7d-af63-9d66ed3c9f1f"
          ],
          "failures": [],
          "pending": [],
          "skipped": [],
          "duration": 1808,
          "root": false,
          "rootEmpty": false,
          "_timeout": 2000
        }
      ],
      "passes": [],
      "failures": [],
      "pending": [],
      "skipped": [],
      "duration": 0,
      "root": true,
      "rootEmpty": true,
      "_timeout": 2000
    },
    {
      "uuid": "25d3df27-d834-4d04-bc91-9ac8f4e27bf3",
      "title": "",
      "fullFile": "cypress\\integration\\webdriver-uni\\traversing-elements.js",
      "file": "cypress\\integration\\webdriver-uni\\traversing-elements.js",
      "beforeHooks": [],
      "afterHooks": [],
      "tests": [],
      "suites": [
        {
          "uuid": "5d6d3b64-8219-4b3a-9694-f7a3bbb867a5",
          "title": "Traversing DOM elements in Cypress",
          "fullFile": "",
          "file": "",
          "beforeHooks": [],
          "afterHooks": [],
          "tests": [
            {
              "title": "children() to get the children of DOM elements",
              "fullTitle": "Traversing DOM elements in Cypress children() to get the children of DOM elements",
              "timedOut": null,
              "duration": 1314,
              "state": "passed",
              "speed": "slow",
              "pass": true,
              "fail": false,
              "pending": false,
              "context": null,
              "code": "cy.get('.traversal-breadcrumb').children('.active').should('contain', 'Contact Us');",
              "err": {},
              "uuid": "5cd0b2a0-32bc-418c-9436-6922a7d47657",
              "parentUUID": "5d6d3b64-8219-4b3a-9694-f7a3bbb867a5",
              "isHook": false,
              "skipped": false
            },
            {
              "title": "closest() to validate the closest ancestor DOM element",
              "fullTitle": "Traversing DOM elements in Cypress closest() to validate the closest ancestor DOM element",
              "timedOut": null,
              "duration": 475,
              "state": "passed",
              "speed": "slow",
              "pass": true,
              "fail": false,
              "pending": false,
              "context": null,
              "code": "cy.get('.traversal-badge').closest('ul').should('have.class', 'list-group');",
              "err": {},
              "uuid": "33d25ecc-722f-4da9-b29e-54daf3cb8120",
              "parentUUID": "5d6d3b64-8219-4b3a-9694-f7a3bbb867a5",
              "isHook": false,
              "skipped": false
            },
            {
              "title": "eq() to retrieve a specific element based on index",
              "fullTitle": "Traversing DOM elements in Cypress eq() to retrieve a specific element based on index",
              "timedOut": null,
              "duration": 551,
              "state": "passed",
              "speed": "slow",
              "pass": true,
              "fail": false,
              "pending": false,
              "context": null,
              "code": "cy.get('.traversal-drinks-list > *').eq(2).should('contain', 'Milk');",
              "err": {},
              "uuid": "6470e544-63fc-43fc-93bd-082a59737a35",
              "parentUUID": "5d6d3b64-8219-4b3a-9694-f7a3bbb867a5",
              "isHook": false,
              "skipped": false
            },
            {
              "title": "filter() to retrieve DOM elements that match a specific selector",
              "fullTitle": "Traversing DOM elements in Cypress filter() to retrieve DOM elements that match a specific selector",
              "timedOut": null,
              "duration": 554,
              "state": "passed",
              "speed": "slow",
              "pass": true,
              "fail": false,
              "pending": false,
              "context": null,
              "code": "cy.get('.btn-group-toggle > *').filter('.active').should('contain', 'Button-1');",
              "err": {},
              "uuid": "0497b3a8-d9d2-4075-97ac-7eb18d5d8b70",
              "parentUUID": "5d6d3b64-8219-4b3a-9694-f7a3bbb867a5",
              "isHook": false,
              "skipped": false
            },
            {
              "title": "find() to retrieve DOM elements of a given selector",
              "fullTitle": "Traversing DOM elements in Cypress find() to retrieve DOM elements of a given selector",
              "timedOut": null,
              "duration": 539,
              "state": "passed",
              "speed": "slow",
              "pass": true,
              "fail": false,
              "pending": false,
              "context": null,
              "code": "cy.get('.traversal-pagination').find('li').find('a').should('have.length', 7);",
              "err": {},
              "uuid": "b5caea73-67a1-46e6-b7c0-9c0a95bdce4b",
              "parentUUID": "5d6d3b64-8219-4b3a-9694-f7a3bbb867a5",
              "isHook": false,
              "skipped": false
            },
            {
              "title": "first() to retrieve the first DOM element within elements ",
              "fullTitle": "Traversing DOM elements in Cypress first() to retrieve the first DOM element within elements ",
              "timedOut": null,
              "duration": 593,
              "state": "passed",
              "speed": "slow",
              "pass": true,
              "fail": false,
              "pending": false,
              "context": null,
              "code": "cy.get('.traversal-table > tbody > tr > td').first().should('contain', 'Andy');",
              "err": {},
              "uuid": "f8061e37-97cc-4a60-9782-2d7ed9d6591c",
              "parentUUID": "5d6d3b64-8219-4b3a-9694-f7a3bbb867a5",
              "isHook": false,
              "skipped": false
            },
            {
              "title": "last() to retrieve the last DOM element within elements",
              "fullTitle": "Traversing DOM elements in Cypress last() to retrieve the last DOM element within elements",
              "timedOut": null,
              "duration": 1198,
              "state": "passed",
              "speed": "slow",
              "pass": true,
              "fail": false,
              "pending": false,
              "context": null,
              "code": "cy.get('.traversal-table > tbody > tr > td').last().should('contain', 'Scott');",
              "err": {},
              "uuid": "228c7a90-6281-45e5-9b18-cd96d8d4e0fd",
              "parentUUID": "5d6d3b64-8219-4b3a-9694-f7a3bbb867a5",
              "isHook": false,
              "skipped": false
            },
            {
              "title": "nextAll() to get all of the next sibling DOM elements within elements",
              "fullTitle": "Traversing DOM elements in Cypress nextAll() to get all of the next sibling DOM elements within elements",
              "timedOut": null,
              "duration": 548,
              "state": "passed",
              "speed": "slow",
              "pass": true,
              "fail": false,
              "pending": false,
              "context": null,
              "code": "cy.get('.traversal-drinks-list').contains('Tea').nextAll().should('have.length', 3);",
              "err": {},
              "uuid": "a772eb71-a1cb-4688-aa93-31298c993f00",
              "parentUUID": "5d6d3b64-8219-4b3a-9694-f7a3bbb867a5",
              "isHook": false,
              "skipped": false
            },
            {
              "title": "nextUntil() to get all of the next sibling DOM elements within elements until another element",
              "fullTitle": "Traversing DOM elements in Cypress nextUntil() to get all of the next sibling DOM elements within elements until another element",
              "timedOut": null,
              "duration": 520,
              "state": "passed",
              "speed": "slow",
              "pass": true,
              "fail": false,
              "pending": false,
              "context": null,
              "code": "cy.get('#coffee').nextUntil('#milk');",
              "err": {},
              "uuid": "c22cb22a-0439-4a54-81e8-47b5f96e5aef",
              "parentUUID": "5d6d3b64-8219-4b3a-9694-f7a3bbb867a5",
              "isHook": false,
              "skipped": false
            },
            {
              "title": "not() to remove DOM element(s) from the set of elements",
              "fullTitle": "Traversing DOM elements in Cypress not() to remove DOM element(s) from the set of elements",
              "timedOut": null,
              "duration": 615,
              "state": "passed",
              "speed": "slow",
              "pass": true,
              "fail": false,
              "pending": false,
              "context": null,
              "code": "cy.get('.traversal-button-states > button').not('.disabled').should('not.have.class', 'disabled');",
              "err": {},
              "uuid": "39b41431-2a30-4c4b-bba7-fef68928a385",
              "parentUUID": "5d6d3b64-8219-4b3a-9694-f7a3bbb867a5",
              "isHook": false,
              "skipped": false
            },
            {
              "title": "parent() To get parent DOM element of elements",
              "fullTitle": "Traversing DOM elements in Cypress parent() To get parent DOM element of elements",
              "timedOut": null,
              "duration": 529,
              "state": "passed",
              "speed": "slow",
              "pass": true,
              "fail": false,
              "pending": false,
              "context": null,
              "code": "cy.get('.traversal-mark').parent().should('contain', 'Lorem ipsum dolor sit amet');",
              "err": {},
              "uuid": "b4b19e34-e769-4d38-bd6b-6cd59880afa3",
              "parentUUID": "5d6d3b64-8219-4b3a-9694-f7a3bbb867a5",
              "isHook": false,
              "skipped": false
            },
            {
              "title": "parents() to get parents DOM element of elements",
              "fullTitle": "Traversing DOM elements in Cypress parents() to get parents DOM element of elements",
              "timedOut": null,
              "duration": 518,
              "state": "passed",
              "speed": "slow",
              "pass": true,
              "fail": false,
              "pending": false,
              "context": null,
              "code": "cy.get('.traversal-cite').parents().should('match', 'blockquote');",
              "err": {},
              "uuid": "f1f0b492-4592-444b-8c58-2efcb66e19fb",
              "parentUUID": "5d6d3b64-8219-4b3a-9694-f7a3bbb867a5",
              "isHook": false,
              "skipped": false
            },
            {
              "title": "prev() to get the previous sibling DOM element within elements",
              "fullTitle": "Traversing DOM elements in Cypress prev() to get the previous sibling DOM element within elements",
              "timedOut": null,
              "duration": 513,
              "state": "passed",
              "speed": "slow",
              "pass": true,
              "fail": false,
              "pending": false,
              "context": null,
              "code": "cy.get('#sugar').prev().contains('Espresso');",
              "err": {},
              "uuid": "f68e33c8-385a-42f7-b993-d551bd106c19",
              "parentUUID": "5d6d3b64-8219-4b3a-9694-f7a3bbb867a5",
              "isHook": false,
              "skipped": false
            },
            {
              "title": "prevAll() to get all previous sibling DOM elements within elements",
              "fullTitle": "Traversing DOM elements in Cypress prevAll() to get all previous sibling DOM elements within elements",
              "timedOut": null,
              "duration": 531,
              "state": "passed",
              "speed": "slow",
              "pass": true,
              "fail": false,
              "pending": false,
              "context": null,
              "code": "cy.get('.sales').prevAll().should('have.length', 2);",
              "err": {},
              "uuid": "5f39cdb1-09a5-41d2-a14e-ac64ad4b5e59",
              "parentUUID": "5d6d3b64-8219-4b3a-9694-f7a3bbb867a5",
              "isHook": false,
              "skipped": false
            },
            {
              "title": "prevUntil() to get all previous sibling DOM elements within elements until other element",
              "fullTitle": "Traversing DOM elements in Cypress prevUntil() to get all previous sibling DOM elements within elements until other element",
              "timedOut": null,
              "duration": 540,
              "state": "passed",
              "speed": "slow",
              "pass": true,
              "fail": false,
              "pending": false,
              "context": null,
              "code": "cy.get('#veggie').prevUntil('#fruits').should('have.length', 5);",
              "err": {},
              "uuid": "5b926b2a-fd75-4d4b-b76c-529df161deab",
              "parentUUID": "5d6d3b64-8219-4b3a-9694-f7a3bbb867a5",
              "isHook": false,
              "skipped": false
            },
            {
              "title": "siblings() To get all sibling DOM elements of elements",
              "fullTitle": "Traversing DOM elements in Cypress siblings() To get all sibling DOM elements of elements",
              "timedOut": null,
              "duration": 547,
              "state": "passed",
              "speed": "slow",
              "pass": true,
              "fail": false,
              "pending": false,
              "context": null,
              "code": "cy.get('.traversal-button-other-states .active').siblings().should('have.length', 3);",
              "err": {},
              "uuid": "e0cb865a-4c52-4838-82b4-b2dda1d3b96f",
              "parentUUID": "5d6d3b64-8219-4b3a-9694-f7a3bbb867a5",
              "isHook": false,
              "skipped": false
            }
          ],
          "suites": [],
          "passes": [
            "5cd0b2a0-32bc-418c-9436-6922a7d47657",
            "33d25ecc-722f-4da9-b29e-54daf3cb8120",
            "6470e544-63fc-43fc-93bd-082a59737a35",
            "0497b3a8-d9d2-4075-97ac-7eb18d5d8b70",
            "b5caea73-67a1-46e6-b7c0-9c0a95bdce4b",
            "f8061e37-97cc-4a60-9782-2d7ed9d6591c",
            "228c7a90-6281-45e5-9b18-cd96d8d4e0fd",
            "a772eb71-a1cb-4688-aa93-31298c993f00",
            "c22cb22a-0439-4a54-81e8-47b5f96e5aef",
            "39b41431-2a30-4c4b-bba7-fef68928a385",
            "b4b19e34-e769-4d38-bd6b-6cd59880afa3",
            "f1f0b492-4592-444b-8c58-2efcb66e19fb",
            "f68e33c8-385a-42f7-b993-d551bd106c19",
            "5f39cdb1-09a5-41d2-a14e-ac64ad4b5e59",
            "5b926b2a-fd75-4d4b-b76c-529df161deab",
            "e0cb865a-4c52-4838-82b4-b2dda1d3b96f"
          ],
          "failures": [],
          "pending": [],
          "skipped": [],
          "duration": 10085,
          "root": false,
          "rootEmpty": false,
          "_timeout": 2000
        }
      ],
      "passes": [],
      "failures": [],
      "pending": [],
      "skipped": [],
      "duration": 0,
      "root": true,
      "rootEmpty": true,
      "_timeout": 2000
    },
    {
      "uuid": "1d973967-6ba2-44fb-aaf7-51b1dd86f30c",
      "title": "",
      "fullFile": "cypress\\integration\\automation-test-store\\add-multiple-items-to-basket.js",
      "file": "cypress\\integration\\automation-test-store\\add-multiple-items-to-basket.js",
      "beforeHooks": [],
      "afterHooks": [],
      "tests": [],
      "suites": [
        {
          "uuid": "cb42a91e-d018-4632-995a-bdaff8cac47f",
          "title": "Add multiple items to basket",
          "fullFile": "",
          "file": "",
          "beforeHooks": [],
          "afterHooks": [],
          "tests": [
            {
              "title": "Add specific items to basket",
              "fullTitle": "Add multiple items to basket Add specific items to basket",
              "timedOut": null,
              "duration": 3844,
              "state": "passed",
              "speed": "slow",
              "pass": true,
              "fail": false,
              "pending": false,
              "context": null,
              "code": "autoStore_HairCare_PO.addHairCareProductToBasket();",
              "err": {},
              "uuid": "a16b9bee-3ab8-4c18-a0c6-9f8266947692",
              "parentUUID": "cb42a91e-d018-4632-995a-bdaff8cac47f",
              "isHook": false,
              "skipped": false
            }
          ],
          "suites": [],
          "passes": [
            "a16b9bee-3ab8-4c18-a0c6-9f8266947692"
          ],
          "failures": [],
          "pending": [],
          "skipped": [],
          "duration": 3844,
          "root": false,
          "rootEmpty": false,
          "_timeout": 2000
        }
      ],
      "passes": [],
      "failures": [],
      "pending": [],
      "skipped": [],
      "duration": 0,
      "root": true,
      "rootEmpty": true,
      "_timeout": 2000
    }
  ],
  "meta": {
    "mocha": {
      "version": "7.0.1"
    },
    "mochawesome": {
      "options": {
        "quiet": false,
        "reportFilename": "mochawesome",
        "saveHtml": false,
        "saveJson": true,
        "consoleReporter": "spec",
        "useInlineDiffs": false,
        "code": true
      },
      "version": "6.3.1"
    },
    "marge": {
      "options": {
        "id": "default",
        "reportDir": "cypress/results/mochawesome",
        "quite": true,
        "overwrite": false,
        "html": false,
        "json": true
      },
      "version": "5.2.0"
    }
  }
}